This is pdfTeX, Version 3.141592653-2.6-1.40.23 (TeX Live 2021/W32TeX) (preloaded format=pdflatex 2021.8.30)  29 OCT 2021 13:26
entering extended mode
 restricted \write18 enabled.
 file:line:error style messages enabled.
 %&-line parsing enabled.
**"c:/Users/samue/Code/Python Projects/Statistical-Investigation/uppgift3.tex"
(c:/Users/samue/Code/Python Projects/Statistical-Investigation/uppgift3.tex
LaTeX2e <2021-06-01> patch level 1
L3 programming layer <2021-08-27> (c:/texlive/2021/texmf-dist/tex/latex/base/article.cls
Document Class: article 2021/02/12 v1.4n Standard LaTeX document class
(c:/texlive/2021/texmf-dist/tex/latex/base/size10.clo
File: size10.clo 2021/02/12 v1.4n Standard LaTeX file (size option)
)
\c@part=\count182
\c@section=\count183
\c@subsection=\count184
\c@subsubsection=\count185
\c@paragraph=\count186
\c@subparagraph=\count187
\c@figure=\count188
\c@table=\count189
\abovecaptionskip=\skip47
\belowcaptionskip=\skip48
\bibindent=\dimen138
) (c:/texlive/2021/texmf-dist/tex/latex/graphics/graphicx.sty
Package: graphicx 2020/12/05 v1.2c Enhanced LaTeX Graphics (DPC,SPQR)
 (c:/texlive/2021/texmf-dist/tex/latex/graphics/keyval.sty
Package: keyval 2014/10/28 v1.15 key=value parser (DPC)
\KV@toks@=\toks16
) (c:/texlive/2021/texmf-dist/tex/latex/graphics/graphics.sty
Package: graphics 2021/03/04 v1.4d Standard LaTeX Graphics (DPC,SPQR)
 (c:/texlive/2021/texmf-dist/tex/latex/graphics/trig.sty
Package: trig 2016/01/03 v1.10 sin cos tan (DPC)
) (c:/texlive/2021/texmf-dist/tex/latex/graphics-cfg/graphics.cfg
File: graphics.cfg 2016/06/04 v1.11 sample graphics configuration
)
Package graphics Info: Driver file: pdftex.def on input line 107.
 (c:/texlive/2021/texmf-dist/tex/latex/graphics-def/pdftex.def
File: pdftex.def 2020/10/05 v1.2a Graphics/color driver for pdftex
))
\Gin@req@height=\dimen139
\Gin@req@width=\dimen140
) (c:/texlive/2021/texmf-dist/tex/latex/float/float.sty
Package: float 2001/11/08 v1.3d Float enhancements (AL)
\c@float@type=\count190
\float@exts=\toks17
\float@box=\box50
\@float@everytoks=\toks18
\@floatcapt=\box51
) (c:/texlive/2021/texmf-dist/tex/latex/listings/listings.sty
\lst@mode=\count191
\lst@gtempboxa=\box52
\lst@token=\toks19
\lst@length=\count192
\lst@currlwidth=\dimen141
\lst@column=\count193
\lst@pos=\count194
\lst@lostspace=\dimen142
\lst@width=\dimen143
\lst@newlines=\count195
\lst@lineno=\count196
\lst@maxwidth=\dimen144
 (c:/texlive/2021/texmf-dist/tex/latex/listings/lstmisc.sty
File: lstmisc.sty 2020/03/24 1.8d (Carsten Heinz)
\c@lstnumber=\count197
\lst@skipnumbers=\count198
\lst@framebox=\box53
) (c:/texlive/2021/texmf-dist/tex/latex/listings/listings.cfg
File: listings.cfg 2020/03/24 1.8d listings configuration
))
Package: listings 2020/03/24 1.8d (Carsten Heinz)
 (c:/texlive/2021/texmf-dist/tex/latex/graphics/color.sty
Package: color 2020/02/24 v1.2b Standard LaTeX Color (DPC)
 (c:/texlive/2021/texmf-dist/tex/latex/graphics-cfg/color.cfg
File: color.cfg 2016/01/02 v1.6 sample color configuration
)
Package color Info: Driver file: pdftex.def on input line 149.
) (c:/texlive/2021/texmf-dist/tex/latex/listings/lstlang1.sty
File: lstlang1.sty 2020/03/24 1.8d listings language file
) (c:/texlive/2021/texmf-dist/tex/latex/l3backend/l3backend-pdftex.def
File: l3backend-pdftex.def 2021-08-04 L3 backend support: PDF output (pdfTeX)
\l__color_backend_stack_int=\count199
\l__pdf_internal_box=\box54
) (./uppgift3.aux

LaTeX Warning: Label `fig:rapport' multiply defined.


LaTeX Warning: Label `fig:rapport' multiply defined.

)
\openout1 = `uppgift3.aux'.

LaTeX Font Info:    Checking defaults for OML/cmm/m/it on input line 29.
LaTeX Font Info:    ... okay on input line 29.
LaTeX Font Info:    Checking defaults for OMS/cmsy/m/n on input line 29.
LaTeX Font Info:    ... okay on input line 29.
LaTeX Font Info:    Checking defaults for OT1/cmr/m/n on input line 29.
LaTeX Font Info:    ... okay on input line 29.
LaTeX Font Info:    Checking defaults for T1/cmr/m/n on input line 29.
LaTeX Font Info:    ... okay on input line 29.
LaTeX Font Info:    Checking defaults for TS1/cmr/m/n on input line 29.
LaTeX Font Info:    ... okay on input line 29.
LaTeX Font Info:    Checking defaults for OMX/cmex/m/n on input line 29.
LaTeX Font Info:    ... okay on input line 29.
LaTeX Font Info:    Checking defaults for U/cmr/m/n on input line 29.
LaTeX Font Info:    ... okay on input line 29.
 (c:/texlive/2021/texmf-dist/tex/context/base/mkii/supp-pdf.mkii
[Loading MPS to PDF converter (version 2006.09.02).]
\scratchcounter=\count266
\scratchdimen=\dimen145
\scratchbox=\box55
\nofMPsegments=\count267
\nofMParguments=\count268
\everyMPshowfont=\toks20
\MPscratchCnt=\count269
\MPscratchDim=\dimen146
\MPnumerator=\count270
\makeMPintoPDFobject=\count271
\everyMPtoPDFconversion=\toks21
) (c:/texlive/2021/texmf-dist/tex/latex/epstopdf-pkg/epstopdf-base.sty
Package: epstopdf-base 2020-01-24 v2.11 Base part for package epstopdf
Package epstopdf-base Info: Redefining graphics rule for `.eps' on input line 485.
 (c:/texlive/2021/texmf-dist/tex/latex/latexconfig/epstopdf-sys.cfg
File: epstopdf-sys.cfg 2010/07/13 v1.3 Configuration of (r)epstopdf for TeX Live
))
\c@lstlisting=\count272
LaTeX Font Info:    External font `cmex10' loaded for size
(Font)              <7> on input line 35.
LaTeX Font Info:    External font `cmex10' loaded for size
(Font)              <5> on input line 35.

Underfull \hbox (badness 10000) in paragraph at lines 35--42

 []


Underfull \hbox (badness 10000) in paragraph at lines 35--42

 []


Overfull \hbox (57.40356pt too wide) in paragraph at lines 35--42
\OT1/cmr/m/n/10 Megatron-LM, $8\OML/cmm/m/it/10 ; \OT1/cmr/m/n/10 3 \OMS/cmsy/m/n/10 ^^C \OT1/cmr/m/n/10 10[]$, Mar 2019,https://www.deepspeed.ai/tutorials/megatron/ 
 []


Underfull \hbox (badness 10000) in paragraph at lines 35--42

 []


Overfull \hbox (86.80635pt too wide) in paragraph at lines 35--42
\OT1/cmr/m/n/10 Turing-NLG- $17 \OMS/cmsy/m/n/10 ^^C \OT1/cmr/m/n/10 10[]$, Feb 2020, https://www.microsoft.com/en-us/research/blog/turing-
 []


Underfull \hbox (badness 10000) in paragraph at lines 35--42

 []


Underfull \hbox (badness 10000) in paragraph at lines 35--42

 []


Overfull \hbox (95.69424pt too wide) in paragraph at lines 35--42
\OT1/cmr/m/n/10 Megatron-Turing-NLG - , $530 \OMS/cmsy/m/n/10 ^^C \OT1/cmr/m/n/10 10[]$,October 2021, https://developer.nvidia.com/blog/using-
 []


Overfull \hbox (13.9173pt too wide) in paragraph at lines 35--42
\OT1/cmr/m/n/10 deepspeed-and-megatron-to-train-megatron-turing-nlg-530b-the-worlds-
 []


Underfull \hbox (badness 10000) in paragraph at lines 35--42

 []

[1

{c:/texlive/2021/texmf-var/fonts/map/pdftex/updmap/pdftex.map}]
<1b.png, id=11, 462.528pt x 346.896pt>
File: 1b.png Graphic file (type png)
<use 1b.png>
Package pdftex.def Info: 1b.png  used on input line 133.
(pdftex.def)             Requested size: 345.0pt x 258.76335pt.
 [2]
<1c.png, id=19, 462.528pt x 346.896pt>
File: 1c.png Graphic file (type png)
<use 1c.png>
Package pdftex.def Info: 1c.png  used on input line 162.
(pdftex.def)             Requested size: 345.0pt x 258.76335pt.


LaTeX Warning: `h' float specifier changed to `ht'.

<2c.png, id=20, 462.528pt x 346.896pt>
File: 2c.png Graphic file (type png)
<use 2c.png>
Package pdftex.def Info: 2c.png  used on input line 167.
(pdftex.def)             Requested size: 345.0pt x 258.76335pt.

LaTeX Warning: `h' float specifier changed to `ht'.

<2d.png, id=21, 462.528pt x 346.896pt>
File: 2d.png Graphic file (type png)
<use 2d.png>
Package pdftex.def Info: 2d.png  used on input line 173.
(pdftex.def)             Requested size: 345.0pt x 258.76335pt.

LaTeX Warning: `h' float specifier changed to `ht'.

<3a.jpg, id=22, 1549.79pt x 1960.32375pt>
File: 3a.jpg Graphic file (type jpg)
<use 3a.jpg>
Package pdftex.def Info: 3a.jpg  used on input line 179.
(pdftex.def)             Requested size: 345.0pt x 436.38753pt.

LaTeX Warning: `h' float specifier changed to `ht'.

<3b.jpg, id=23, 1722.435pt x 780.9175pt>
File: 3b.jpg Graphic file (type jpg)
<use 3b.jpg>
Package pdftex.def Info: 3b.jpg  used on input line 184.
(pdftex.def)             Requested size: 345.0pt x 156.40714pt.

LaTeX Warning: `h' float specifier changed to `ht'.

[3 <./1b.png>] [4 <./1c.png> <./2c.png>] [5 <./2d.png>] [6 <./3a.jpg>] [7 <./3b.jpg>] (./uppgift3.aux)

LaTeX Warning: There were multiply-defined labels.

 ) 
Here is how much of TeX's memory you used:
 3156 strings out of 478599
 43785 string characters out of 5858101
 568204 words of memory out of 5000000
 21048 multiletter control sequences out of 15000+600000
 404809 words of font info for 32 fonts, out of 8000000 for 9000
 1141 hyphenation exceptions out of 8191
 57i,9n,66p,339b,1253s stack positions out of 5000i,500n,10000p,200000b,80000s
<c:/texlive/2021/texmf-dist/fonts/type1/public/amsfonts/cm/cmbx10.pfb><c:/texlive/2021/texmf-dist/fonts/type1/public/amsfonts/cm/cmbx12.pfb><c:/texlive/2021/texmf-dist/fonts/type1/public/amsfonts/cm/cmmi10.pfb><c:/texlive/2021/texmf-dist/fonts/type1/public/amsfonts/cm/cmmi7.pfb><c:/texlive/2021/texmf-dist/fonts/type1/public/amsfonts/cm/cmr10.pfb><c:/texlive/2021/texmf-dist/fonts/type1/public/amsfonts/cm/cmr7.pfb><c:/texlive/2021/texmf-dist/fonts/type1/public/amsfonts/cm/cmsy10.pfb><c:/texlive/2021/texmf-dist/fonts/type1/public/amsfonts/cm/cmtt9.pfb>
Output written on uppgift3.pdf (7 pages, 622307 bytes).
PDF statistics:
 79 PDF objects out of 1000 (max. 8388607)
 43 compressed objects within 1 object stream
 0 named destinations out of 1000 (max. 500000)
 31 words of extra memory for PDF output out of 10000 (max. 10000000)

